02:44:14 **** Auto Build of configuration Debug for project demo ****
make pre-build main-build 
a9-linaro-pre-build-step
 
Building file: ../src/benchmarking.c
Invoking: ARM v7 gcc compiler
arm-none-eabi-gcc -Wall -O3 -g3 -c -fmessage-length=0 -MT"src/benchmarking.o" -mcpu=cortex-a9 -mfpu=vfpv3 -mfloat-abi=hard -I../../demo_bsp/ps7_cortexa9_0/include -MMD -MP -MF"src/benchmarking.d" -MT"src/benchmarking.o" -o "src/benchmarking.o" "../src/benchmarking.c"
../src/benchmarking.c: In function 'run_benchmark_single':
../src/benchmarking.c:86:13: warning: unused variable 'k' [-Wunused-variable]
  int i = 0, k = 0;
             ^
../src/benchmarking.c:82:6: warning: unused variable 'iStatus' [-Wunused-variable]
  int iStatus;
      ^~~~~~~
Finished building: ../src/benchmarking.c
 
Building file: ../src/main.c
Invoking: ARM v7 gcc compiler
arm-none-eabi-gcc -Wall -O3 -g3 -c -fmessage-length=0 -MT"src/main.o" -mcpu=cortex-a9 -mfpu=vfpv3 -mfloat-abi=hard -I../../demo_bsp/ps7_cortexa9_0/include -MMD -MP -MF"src/main.d" -MT"src/main.o" -o "src/main.o" "../src/main.c"
In file included from ../src/main.c:53:0:
../src/convolution_G_hw.h:38:21: fatal error: xaxidma.h: No such file or directory
 #include "xaxidma.h"
                     ^
compilation terminated.
make: *** [src/main.o] ¿À·ù 1

02:44:27 Build Finished (took 13s.506ms)

